[02-20 23:18:23]: [INFO] SQLite Setup finished
[02-20 23:18:23]: [INFO] No supported permissions system found! Permissions are disabled!
[02-20 23:18:24]: [WARN] WARNING! The protectInventory feature requires ProtocolLib! Disabling it...
[02-20 23:18:24]: [INFO] AuthMe 5.6.0 build n.CUSTOM successfully enabled!
[02-20 23:18:25]: [INFO] Downloading GEO IP database, because the old database is older than 30 days or doesn't exist
[02-20 23:18:25]: [WARN] No MaxMind credentials found in the configuration file! GeoIp protections will be disabled.
[02-20 23:18:25]: [INFO] There is no newer GEO IP database uploaded to MaxMind. Using the old one for now.
[02-20 23:18:25]: [WARN] Could not download GeoLiteAPI database [FileNotFoundException]: plugins/AuthMe/GeoLite2-Country.mmdb (No such file or directory)
[02-20 23:18:25]: java.io.FileNotFoundException: plugins/AuthMe/GeoLite2-Country.mmdb (No such file or directory)
	at java.base/java.io.RandomAccessFile.open0(Native Method)
	at java.base/java.io.RandomAccessFile.open(RandomAccessFile.java:356)
	at java.base/java.io.RandomAccessFile.<init>(RandomAccessFile.java:273)
	at java.base/java.io.RandomAccessFile.<init>(RandomAccessFile.java:223)
	at AuthMe-5.6.0.jar//fr.xephi.authme.libs.com.maxmind.db.BufferHolder.<init>(BufferHolder.java:20)
	at AuthMe-5.6.0.jar//fr.xephi.authme.libs.com.maxmind.db.Reader.<init>(Reader.java:121)
	at AuthMe-5.6.0.jar//fr.xephi.authme.service.GeoIpService.startReading(GeoIpService.java:179)
	at AuthMe-5.6.0.jar//fr.xephi.authme.service.GeoIpService.updateDatabase(GeoIpService.java:150)
	at org.bukkit.craftbukkit.scheduler.CraftTask.run(CraftTask.java:86)
	at org.bukkit.craftbukkit.scheduler.CraftAsyncTask.run(CraftAsyncTask.java:57)
	at com.destroystokyo.paper.ServerSchedulerReportingWrapper.run(ServerSchedulerReportingWrapper.java:22)
	at java.base/java.util.concurrent.ThreadPoolExecutor.runWorker(ThreadPoolExecutor.java:1144)
	at java.base/java.util.concurrent.ThreadPoolExecutor$Worker.run(ThreadPoolExecutor.java:642)
	at java.base/java.lang.Thread.run(Thread.java:1583)

[02-20 23:19:35]: [FINE] tgabs7 logged in 127.0.0.1
[02-20 23:22:51]: [INFO] AuthMe 5.6.0-bCUSTOM disabled!
[02-20 23:23:29]: [INFO] SQLite Setup finished
[02-20 23:23:29]: [INFO] No supported permissions system found! Permissions are disabled!
[02-20 23:23:29]: [WARN] WARNING! The protectInventory feature requires ProtocolLib! Disabling it...
[02-20 23:23:29]: [INFO] AuthMe 5.6.0 build n.CUSTOM successfully enabled!
[02-20 23:23:31]: [INFO] Downloading GEO IP database, because the old database is older than 30 days or doesn't exist
[02-20 23:23:31]: [WARN] No MaxMind credentials found in the configuration file! GeoIp protections will be disabled.
[02-20 23:23:31]: [INFO] There is no newer GEO IP database uploaded to MaxMind. Using the old one for now.
[02-20 23:23:31]: [WARN] Could not download GeoLiteAPI database [FileNotFoundException]: plugins/AuthMe/GeoLite2-Country.mmdb (No such file or directory)
[02-20 23:23:31]: java.io.FileNotFoundException: plugins/AuthMe/GeoLite2-Country.mmdb (No such file or directory)
	at java.base/java.io.RandomAccessFile.open0(Native Method)
	at java.base/java.io.RandomAccessFile.open(RandomAccessFile.java:356)
	at java.base/java.io.RandomAccessFile.<init>(RandomAccessFile.java:273)
	at java.base/java.io.RandomAccessFile.<init>(RandomAccessFile.java:223)
	at AuthMe-5.6.0.jar//fr.xephi.authme.libs.com.maxmind.db.BufferHolder.<init>(BufferHolder.java:20)
	at AuthMe-5.6.0.jar//fr.xephi.authme.libs.com.maxmind.db.Reader.<init>(Reader.java:121)
	at AuthMe-5.6.0.jar//fr.xephi.authme.service.GeoIpService.startReading(GeoIpService.java:179)
	at AuthMe-5.6.0.jar//fr.xephi.authme.service.GeoIpService.updateDatabase(GeoIpService.java:150)
	at org.bukkit.craftbukkit.scheduler.CraftTask.run(CraftTask.java:86)
	at org.bukkit.craftbukkit.scheduler.CraftAsyncTask.run(CraftAsyncTask.java:57)
	at com.destroystokyo.paper.ServerSchedulerReportingWrapper.run(ServerSchedulerReportingWrapper.java:22)
	at java.base/java.util.concurrent.ThreadPoolExecutor.runWorker(ThreadPoolExecutor.java:1144)
	at java.base/java.util.concurrent.ThreadPoolExecutor$Worker.run(ThreadPoolExecutor.java:642)
	at java.base/java.lang.Thread.run(Thread.java:1583)

[02-20 23:23:59]: [FINE] tgabs7 logged in 127.0.0.1
[02-20 23:28:15]: [FINE] tgabs7 logged in 127.0.0.1
[02-20 23:35:55]: [INFO] AuthMe 5.6.0-bCUSTOM disabled!
[02-21 11:49:03]: [INFO] SQLite Setup finished
[02-21 11:49:03]: [INFO] No supported permissions system found! Permissions are disabled!
[02-21 11:49:03]: [WARN] WARNING! The protectInventory feature requires ProtocolLib! Disabling it...
[02-21 11:49:04]: [INFO] AuthMe 5.6.0 build n.CUSTOM successfully enabled!
[02-21 11:49:05]: [INFO] Downloading GEO IP database, because the old database is older than 30 days or doesn't exist
[02-21 11:49:05]: [WARN] No MaxMind credentials found in the configuration file! GeoIp protections will be disabled.
[02-21 11:49:05]: [INFO] There is no newer GEO IP database uploaded to MaxMind. Using the old one for now.
[02-21 11:49:05]: [WARN] Could not download GeoLiteAPI database [FileNotFoundException]: plugins/AuthMe/GeoLite2-Country.mmdb (No such file or directory)
[02-21 11:49:05]: java.io.FileNotFoundException: plugins/AuthMe/GeoLite2-Country.mmdb (No such file or directory)
	at java.base/java.io.RandomAccessFile.open0(Native Method)
	at java.base/java.io.RandomAccessFile.open(RandomAccessFile.java:356)
	at java.base/java.io.RandomAccessFile.<init>(RandomAccessFile.java:273)
	at java.base/java.io.RandomAccessFile.<init>(RandomAccessFile.java:223)
	at AuthMe-5.6.0.jar//fr.xephi.authme.libs.com.maxmind.db.BufferHolder.<init>(BufferHolder.java:20)
	at AuthMe-5.6.0.jar//fr.xephi.authme.libs.com.maxmind.db.Reader.<init>(Reader.java:121)
	at AuthMe-5.6.0.jar//fr.xephi.authme.service.GeoIpService.startReading(GeoIpService.java:179)
	at AuthMe-5.6.0.jar//fr.xephi.authme.service.GeoIpService.updateDatabase(GeoIpService.java:150)
	at org.bukkit.craftbukkit.scheduler.CraftTask.run(CraftTask.java:86)
	at org.bukkit.craftbukkit.scheduler.CraftAsyncTask.run(CraftAsyncTask.java:57)
	at com.destroystokyo.paper.ServerSchedulerReportingWrapper.run(ServerSchedulerReportingWrapper.java:22)
	at java.base/java.util.concurrent.ThreadPoolExecutor.runWorker(ThreadPoolExecutor.java:1144)
	at java.base/java.util.concurrent.ThreadPoolExecutor$Worker.run(ThreadPoolExecutor.java:642)
	at java.base/java.lang.Thread.run(Thread.java:1583)

[02-21 11:49:47]: [FINE] tgabs7 logged in 127.0.0.1
[02-21 12:34:54]: [FINE] jlenon7 logged in 0:0:0:0:0:0:0:1
[02-21 13:55:38]: [FINE] jlenon7 logged in 0:0:0:0:0:0:0:1
[02-21 13:58:12]: [FINE] jlenon7 logged in 0:0:0:0:0:0:0:1
[02-21 13:59:07]: [FINE] The user HBplayOne1 has 2 accounts:
[02-21 13:59:07]: [FINE] §7§ajlenon7§7, §aHBplayOne1§7.
[02-21 13:59:07]: [FINE] HBplayOne1 logged in 0:0:0:0:0:0:0:1
[02-21 14:41:01]: [FINE] The user jlenon7 has 2 accounts:
[02-21 14:41:01]: [FINE] §7§ajlenon7§7, hbplayone1.
[02-21 14:41:01]: [FINE] jlenon7 logged in 0:0:0:0:0:0:0:1
[02-21 14:41:45]: [FINE] The user HBplayOne1 has 2 accounts:
[02-21 14:41:45]: [FINE] §7§ajlenon7§7, §aHBplayOne1§7.
[02-21 14:41:45]: [FINE] HBplayOne1 logged in 0:0:0:0:0:0:0:1
[02-21 16:16:39]: [INFO] AuthMe 5.6.0-bCUSTOM disabled!
[02-21 16:17:00]: [INFO] SQLite Setup finished
[02-21 16:17:00]: [INFO] No supported permissions system found! Permissions are disabled!
[02-21 16:17:00]: [WARN] WARNING! The protectInventory feature requires ProtocolLib! Disabling it...
[02-21 16:17:00]: [INFO] AuthMe 5.6.0 build n.CUSTOM successfully enabled!
[02-21 16:17:01]: [INFO] Downloading GEO IP database, because the old database is older than 30 days or doesn't exist
[02-21 16:17:01]: [WARN] No MaxMind credentials found in the configuration file! GeoIp protections will be disabled.
[02-21 16:17:01]: [INFO] There is no newer GEO IP database uploaded to MaxMind. Using the old one for now.
[02-21 16:17:01]: [WARN] Could not download GeoLiteAPI database [FileNotFoundException]: plugins/AuthMe/GeoLite2-Country.mmdb (No such file or directory)
[02-21 16:17:01]: java.io.FileNotFoundException: plugins/AuthMe/GeoLite2-Country.mmdb (No such file or directory)
	at java.base/java.io.RandomAccessFile.open0(Native Method)
	at java.base/java.io.RandomAccessFile.open(RandomAccessFile.java:356)
	at java.base/java.io.RandomAccessFile.<init>(RandomAccessFile.java:273)
	at java.base/java.io.RandomAccessFile.<init>(RandomAccessFile.java:223)
	at AuthMe-5.6.0.jar//fr.xephi.authme.libs.com.maxmind.db.BufferHolder.<init>(BufferHolder.java:20)
	at AuthMe-5.6.0.jar//fr.xephi.authme.libs.com.maxmind.db.Reader.<init>(Reader.java:121)
	at AuthMe-5.6.0.jar//fr.xephi.authme.service.GeoIpService.startReading(GeoIpService.java:179)
	at AuthMe-5.6.0.jar//fr.xephi.authme.service.GeoIpService.updateDatabase(GeoIpService.java:150)
	at org.bukkit.craftbukkit.scheduler.CraftTask.run(CraftTask.java:86)
	at org.bukkit.craftbukkit.scheduler.CraftAsyncTask.run(CraftAsyncTask.java:57)
	at com.destroystokyo.paper.ServerSchedulerReportingWrapper.run(ServerSchedulerReportingWrapper.java:22)
	at java.base/java.util.concurrent.ThreadPoolExecutor.runWorker(ThreadPoolExecutor.java:1144)
	at java.base/java.util.concurrent.ThreadPoolExecutor$Worker.run(ThreadPoolExecutor.java:642)
	at java.base/java.lang.Thread.run(Thread.java:1583)

[02-21 16:17:09]: [FINE] The user jlenon7 has 2 accounts:
[02-21 16:17:09]: [FINE] §7§ajlenon7§7, hbplayone1.
[02-21 16:17:09]: [FINE] jlenon7 logged in 0:0:0:0:0:0:0:1
[02-21 16:18:09]: [FINE] The user HBplayOne1 has 2 accounts:
[02-21 16:18:09]: [FINE] §7§ajlenon7§7, §aHBplayOne1§7.
[02-21 16:18:09]: [FINE] HBplayOne1 logged in 0:0:0:0:0:0:0:1
[02-21 16:22:50]: [INFO] AuthMe 5.6.0-bCUSTOM disabled!
[02-21 16:22:57]: [INFO] SQLite Setup finished
[02-21 16:22:57]: [INFO] No supported permissions system found! Permissions are disabled!
[02-21 16:22:57]: [WARN] WARNING! The protectInventory feature requires ProtocolLib! Disabling it...
[02-21 16:22:57]: [INFO] AuthMe 5.6.0 build n.CUSTOM successfully enabled!
[02-21 16:22:57]: [INFO] Downloading GEO IP database, because the old database is older than 30 days or doesn't exist
[02-21 16:22:57]: [WARN] No MaxMind credentials found in the configuration file! GeoIp protections will be disabled.
[02-21 16:22:57]: [INFO] There is no newer GEO IP database uploaded to MaxMind. Using the old one for now.
[02-21 16:22:57]: [WARN] Could not download GeoLiteAPI database [FileNotFoundException]: plugins/AuthMe/GeoLite2-Country.mmdb (No such file or directory)
[02-21 16:22:57]: java.io.FileNotFoundException: plugins/AuthMe/GeoLite2-Country.mmdb (No such file or directory)
	at java.base/java.io.RandomAccessFile.open0(Native Method)
	at java.base/java.io.RandomAccessFile.open(RandomAccessFile.java:356)
	at java.base/java.io.RandomAccessFile.<init>(RandomAccessFile.java:273)
	at java.base/java.io.RandomAccessFile.<init>(RandomAccessFile.java:223)
	at AuthMe-5.6.0.jar//fr.xephi.authme.libs.com.maxmind.db.BufferHolder.<init>(BufferHolder.java:20)
	at AuthMe-5.6.0.jar//fr.xephi.authme.libs.com.maxmind.db.Reader.<init>(Reader.java:121)
	at AuthMe-5.6.0.jar//fr.xephi.authme.service.GeoIpService.startReading(GeoIpService.java:179)
	at AuthMe-5.6.0.jar//fr.xephi.authme.service.GeoIpService.updateDatabase(GeoIpService.java:150)
	at org.bukkit.craftbukkit.scheduler.CraftTask.run(CraftTask.java:86)
	at org.bukkit.craftbukkit.scheduler.CraftAsyncTask.run(CraftAsyncTask.java:57)
	at com.destroystokyo.paper.ServerSchedulerReportingWrapper.run(ServerSchedulerReportingWrapper.java:22)
	at java.base/java.util.concurrent.ThreadPoolExecutor.runWorker(ThreadPoolExecutor.java:1144)
	at java.base/java.util.concurrent.ThreadPoolExecutor$Worker.run(ThreadPoolExecutor.java:642)
	at java.base/java.lang.Thread.run(Thread.java:1583)

[02-21 16:23:07]: [FINE] The user jlenon7 has 2 accounts:
[02-21 16:23:07]: [FINE] §7§ajlenon7§7, §aHBplayOne1§7.
[02-21 16:23:07]: [FINE] jlenon7 logged in 0:0:0:0:0:0:0:1
[02-21 16:23:18]: [FINE] The user HBplayOne1 has 2 accounts:
[02-21 16:23:18]: [FINE] §7§ajlenon7§7, §aHBplayOne1§7.
[02-21 16:23:18]: [FINE] HBplayOne1 logged in 0:0:0:0:0:0:0:1
[02-21 16:28:33]: [FINE] The user jlenon7 has 2 accounts:
[02-21 16:28:33]: [FINE] §7§ajlenon7§7, §aHBplayOne1§7.
[02-21 16:28:33]: [FINE] jlenon7 logged in 0:0:0:0:0:0:0:1
[02-21 16:50:07]: [FINE] The user jlenon7 has 2 accounts:
[02-21 16:50:07]: [FINE] §7§ajlenon7§7, §aHBplayOne1§7.
[02-21 16:50:07]: [FINE] jlenon7 logged in 0:0:0:0:0:0:0:1
[02-21 16:54:36]: [INFO] AuthMe 5.6.0-bCUSTOM disabled!
