#
# There is insufficient memory for the Java Runtime Environment to continue.
# Native memory allocation (mmap) failed to map 4294967296 bytes. Error detail: committing reserved memory.
# Possible reasons:
#   The system is out of physical RAM or swap space
#   This process is running with CompressedOops enabled, and the Java Heap may be blocking the growth of the native heap
# Possible solutions:
#   Reduce memory load on the system
#   Increase physical memory or swap space
#   Check if swap backing store is full
#   Decrease Java heap size (-Xmx/-Xms)
#   Decrease number of Java threads
#   Decrease Java thread stack sizes (-Xss)
#   Set larger code cache with -XX:ReservedCodeCacheSize=
#   JVM is running with Zero Based Compressed Oops mode in which the Java heap is
#     placed in the first 32GB address space. The Java Heap base address is the
#     maximum limit for the native heap growth. Please use -XX:HeapBaseMinAddress
#     to set the Java Heap base and to place the Java Heap above 32GB virtual address.
# This output file may be truncated or incomplete.
#
#  Out of Memory Error (os_linux.cpp:2793), pid=13044, tid=13045
#
# JRE version:  (21.0.6+7) (build )
# Java VM: OpenJDK 64-Bit Server VM (21.0.6+7-Ubuntu-124.04.1, mixed mode, sharing, tiered, compressed oops, compressed class ptrs, g1 gc, linux-amd64)
# Core dump will be written. Default location: Core dumps may be processed with "/usr/share/apport/apport -p%p -s%s -c%c -d%d -P%P -u%u -g%g -- %E" (or dumping to /home/ubuntu/skibidilandia/core.13044)
#

---------------  S U M M A R Y ------------

Command Line: -Xms4G -Xmx4G server.jar --nogui

Host: Intel(R) Xeon(R) Platinum 8175M CPU @ 2.50GHz, 2 cores, 3G, Ubuntu 24.04.1 LTS
Time: Tue Feb 18 15:01:17 2025 UTC elapsed time: 0.004592 seconds (0d 0h 0m 0s)

---------------  T H R E A D  ---------------

Current thread (0x00007f393c018eb0):  JavaThread "Unknown thread" [_thread_in_vm, id=13045, stack(0x00007f3942f00000,0x00007f3943000000) (1024K)]

Stack: [0x00007f3942f00000,0x00007f3943000000],  sp=0x00007f3942ffe500,  free space=1017k
Native frames: (J=compiled Java code, j=interpreted, Vv=VM code, C=native code)
V  [libjvm.so+0x100fb2b]  VMError::report_and_die(int, char const*, char const*, __va_list_tag*, Thread*, unsigned char*, void*, void*, char const*, int, unsigned long)+0x27b  (os_linux.cpp:2793)
V  [libjvm.so+0x1010511]
V  [libjvm.so+0x6b0261]
V  [libjvm.so+0xcf8dad]  os::pd_commit_memory_or_exit(char*, unsigned long, unsigned long, bool, char const*)+0xdd
V  [libjvm.so+0xcf27df]  os::commit_memory_or_exit(char*, unsigned long, unsigned long, bool, char const*)+0x1f
V  [libjvm.so+0x80f6ab]  G1PageBasedVirtualSpace::commit(unsigned long, unsigned long)+0x5b
V  [libjvm.so+0x825d1b]  G1RegionsLargerThanCommitSizeMapper::commit_regions(unsigned int, unsigned long, WorkerThreads*)+0xab
V  [libjvm.so+0x8b658a]  HeapRegionManager::commit_regions(unsigned int, unsigned long, WorkerThreads*)+0x5a
V  [libjvm.so+0x8b822f]  HeapRegionManager::expand(unsigned int, unsigned int, WorkerThreads*)+0x2f
V  [libjvm.so+0x8b8445]  HeapRegionManager::expand_by(unsigned int, WorkerThreads*)+0x75
V  [libjvm.so+0x7c4e1c]  G1CollectedHeap::expand(unsigned long, WorkerThreads*, double*)+0xfc
V  [libjvm.so+0x7c53b3]  G1CollectedHeap::initialize()+0x543
V  [libjvm.so+0xfb2569]  universe_init()+0xd9
V  [libjvm.so+0x8d66fa]  init_globals()+0x3a
V  [libjvm.so+0xf91328]  Threads::create_vm(JavaVMInitArgs*, bool*)+0x278
V  [libjvm.so+0x9b0f23]  JNI_CreateJavaVM+0x53
C  [libjli.so+0x4673]  JavaMain+0x93
C  [libjli.so+0x846d]  ThreadJavaMain+0xd
C  [libc.so.6+0x9caa4]

---------------  P R O C E S S  ---------------

Threads class SMR info:
_java_thread_list=0x00007f394493fd80, length=0, elements={
}

Java Threads: ( => current thread )
Total: 0

Other Threads:
  0x00007f393c081ef0 WorkerThread "GC Thread#0"                     [id=13046, stack(0x00007f3942a28000,0x00007f3942b28000) (1024K)]
  0x00007f393c0934c0 ConcurrentGCThread "G1 Main Marker"            [id=13047, stack(0x00007f3941900000,0x00007f3941a00000) (1024K)]
  0x00007f393c094470 WorkerThread "G1 Conc#0"                       [id=13048, stack(0x00007f39417ff000,0x00007f39418ff000) (1024K)]

[error occurred during error reporting (printing all threads), id 0xb, SIGSEGV (0xb) at pc=0x00007f3943be0204]
VM state: not at safepoint (not fully initialized)

VM Mutex/Monitor currently owned by a thread:  ([mutex/lock_event])
[0x00007f3944919bf8] Heap_lock - owner thread: 0x00007f393c018eb0

Heap address: 0x0000000700000000, size: 4096 MB, Compressed Oops mode: Zero based, Oop shift amount: 3

CDS archive(s) mapped at: [0x0000000000000000-0x0000000000000000-0x0000000000000000), size 0, SharedBaseAddress: 0x0000000800000000, ArchiveRelocationMode: 1.
Narrow klass base: 0x0000000000000000, Narrow klass shift: 0, Narrow klass range: 0x0

GC Precious Log:
 CardTable entry size: 512
 Card Set container configuration: InlinePtr #cards 4 size 8 Array Of Cards #cards 16 size 48 Howl #buckets 8 coarsen threshold 3686 Howl Bitmap #cards 512 size 80 coarsen threshold 460 Card regions per heap region 1 cards per card region 4096

Heap:
 garbage-first heap   total 0K, used 0K [0x0000000700000000, 0x0000000800000000)
  region size 2048K, 0 young (0K), 0 survivors (0K)

[error occurred during error reporting (printing heap information), id 0xb, SIGSEGV (0xb) at pc=0x00007f39441a531e]
GC Heap History (0 events):
No events

Dll operation events (1 events):
Event: 0.002 Loaded shared library /usr/lib/jvm/java-21-openjdk-amd64/lib/libjava.so

Deoptimization events (0 events):
No events

Classes loaded (0 events):
No events

Classes unloaded (0 events):
No events

Classes redefined (0 events):
No events

Internal exceptions (0 events):
No events

ZGC Phase Switch (0 events):
No events

VM Operations (0 events):
No events

Memory protections (1 events):
Event: 0.002 Protecting memory [0x00007f3942f00000,0x00007f3942f04000] with protection modes 0

Nmethod flushes (0 events):
No events

Events (0 events):
No events


Dynamic libraries:
5c6fc5822000-5c6fc5823000 r--p 00000000 103:01 276238                    /usr/lib/jvm/java-21-openjdk-amd64/bin/java
5c6fc5823000-5c6fc5824000 r-xp 00001000 103:01 276238                    /usr/lib/jvm/java-21-openjdk-amd64/bin/java
5c6fc5824000-5c6fc5825000 r--p 00002000 103:01 276238                    /usr/lib/jvm/java-21-openjdk-amd64/bin/java
5c6fc5825000-5c6fc5826000 r--p 00002000 103:01 276238                    /usr/lib/jvm/java-21-openjdk-amd64/bin/java
5c6fc5826000-5c6fc5827000 rw-p 00003000 103:01 276238                    /usr/lib/jvm/java-21-openjdk-amd64/bin/java
5c6fedcd6000-5c6fedd1d000 rw-p 00000000 00:00 0                          [heap]
7f3910000000-7f3910021000 rw-p 00000000 00:00 0 
7f3910021000-7f3914000000 ---p 00000000 00:00 0 
7f3914000000-7f3914021000 rw-p 00000000 00:00 0 
7f3914021000-7f3918000000 ---p 00000000 00:00 0 
7f391a000000-7f391c021000 rw-p 00000000 00:00 0 
7f391c021000-7f3920000000 ---p 00000000 00:00 0 
7f3920800000-7f3924800000 ---p 00000000 00:00 0 
7f3924800000-7f3924a70000 rwxp 00000000 00:00 0 
7f3924a70000-7f392bd38000 ---p 00000000 00:00 0 
7f392bd38000-7f392bfa8000 rwxp 00000000 00:00 0 
7f392bfa8000-7f392c2c7000 ---p 00000000 00:00 0 
7f392c2c7000-7f392c537000 rwxp 00000000 00:00 0 
7f392c537000-7f3933800000 ---p 00000000 00:00 0 
7f3933800000-7f393be0d000 r--s 00000000 103:01 276388                    /usr/lib/jvm/java-21-openjdk-amd64/lib/modules
7f393c000000-7f393c0c6000 rw-p 00000000 00:00 0 
7f393c0c6000-7f3940000000 ---p 00000000 00:00 0 
7f3941000000-7f39412e2000 rw-p 00000000 00:00 0 
7f394147c000-7f39417fe000 rw-p 00000000 00:00 0 
7f39417fe000-7f39417ff000 ---p 00000000 00:00 0 
7f39417ff000-7f39418ff000 rw-p 00000000 00:00 0 
7f39418ff000-7f3941900000 ---p 00000000 00:00 0 
7f3941900000-7f3941a00000 rw-p 00000000 00:00 0 
7f3941a00000-7f3942a00000 ---p 00000000 00:00 0 
7f3942a27000-7f3942a28000 ---p 00000000 00:00 0 
7f3942a28000-7f3942b28000 rw-p 00000000 00:00 0 
7f3942b28000-7f3942d2f000 rw-p 00000000 00:00 0 
7f3942d2f000-7f3942e15000 ---p 00000000 00:00 0 
7f3942e15000-7f3942e1a000 rw-p 00000000 00:00 0 
7f3942e1a000-7f3942f00000 ---p 00000000 00:00 0 
7f3942f00000-7f3942f04000 ---p 00000000 00:00 0 
7f3942f04000-7f3943000000 rw-p 00000000 00:00 0 
7f3943000000-7f394309d000 r--p 00000000 103:01 5162                      /usr/lib/x86_64-linux-gnu/libstdc++.so.6.0.33
7f394309d000-7f39431e5000 r-xp 0009d000 103:01 5162                      /usr/lib/x86_64-linux-gnu/libstdc++.so.6.0.33
7f39431e5000-7f394326c000 r--p 001e5000 103:01 5162                      /usr/lib/x86_64-linux-gnu/libstdc++.so.6.0.33
7f394326c000-7f3943277000 r--p 0026b000 103:01 5162                      /usr/lib/x86_64-linux-gnu/libstdc++.so.6.0.33
7f3943277000-7f394327a000 rw-p 00276000 103:01 5162                      /usr/lib/x86_64-linux-gnu/libstdc++.so.6.0.33
7f394327a000-7f394327e000 rw-p 00000000 00:00 0 
7f3943317000-7f3943327000 r--p 00000000 103:01 44901                     /usr/lib/x86_64-linux-gnu/libm.so.6
7f3943327000-7f39433a6000 r-xp 00010000 103:01 44901                     /usr/lib/x86_64-linux-gnu/libm.so.6
7f39433a6000-7f39433fe000 r--p 0008f000 103:01 44901                     /usr/lib/x86_64-linux-gnu/libm.so.6
7f39433fe000-7f39433ff000 r--p 000e7000 103:01 44901                     /usr/lib/x86_64-linux-gnu/libm.so.6
7f39433ff000-7f3943400000 rw-p 000e8000 103:01 44901                     /usr/lib/x86_64-linux-gnu/libm.so.6
7f3943400000-7f39436a1000 r--p 00000000 103:01 276394                    /usr/lib/jvm/java-21-openjdk-amd64/lib/server/libjvm.so
7f39436a1000-7f394450d000 r-xp 002a1000 103:01 276394                    /usr/lib/jvm/java-21-openjdk-amd64/lib/server/libjvm.so
7f394450d000-7f39447e5000 r--p 0110d000 103:01 276394                    /usr/lib/jvm/java-21-openjdk-amd64/lib/server/libjvm.so
7f39447e5000-7f39448b8000 r--p 013e5000 103:01 276394                    /usr/lib/jvm/java-21-openjdk-amd64/lib/server/libjvm.so
7f39448b8000-7f39448e8000 rw-p 014b8000 103:01 276394                    /usr/lib/jvm/java-21-openjdk-amd64/lib/server/libjvm.so
7f39448e8000-7f394494e000 rw-p 00000000 00:00 0 
7f39449bb000-7f3944a00000 rw-p 00000000 00:00 0 
7f3944a00000-7f3944a28000 r--p 00000000 103:01 44898                     /usr/lib/x86_64-linux-gnu/libc.so.6
7f3944a28000-7f3944bb0000 r-xp 00028000 103:01 44898                     /usr/lib/x86_64-linux-gnu/libc.so.6
7f3944bb0000-7f3944bff000 r--p 001b0000 103:01 44898                     /usr/lib/x86_64-linux-gnu/libc.so.6
7f3944bff000-7f3944c03000 r--p 001fe000 103:01 44898                     /usr/lib/x86_64-linux-gnu/libc.so.6
7f3944c03000-7f3944c05000 rw-p 00202000 103:01 44898                     /usr/lib/x86_64-linux-gnu/libc.so.6
7f3944c05000-7f3944c12000 rw-p 00000000 00:00 0 
7f3944c37000-7f3944c3c000 rw-p 00000000 00:00 0 
7f3944c3c000-7f3944c43000 ---p 00000000 00:00 0 
7f3944c43000-7f3944c50000 r--p 00000000 103:01 276365                    /usr/lib/jvm/java-21-openjdk-amd64/lib/libjava.so
7f3944c50000-7f3944c5f000 r-xp 0000d000 103:01 276365                    /usr/lib/jvm/java-21-openjdk-amd64/lib/libjava.so
7f3944c5f000-7f3944c64000 r--p 0001c000 103:01 276365                    /usr/lib/jvm/java-21-openjdk-amd64/lib/libjava.so
7f3944c64000-7f3944c65000 r--p 00021000 103:01 276365                    /usr/lib/jvm/java-21-openjdk-amd64/lib/libjava.so
7f3944c65000-7f3944c66000 rw-p 00022000 103:01 276365                    /usr/lib/jvm/java-21-openjdk-amd64/lib/libjava.so
7f3944c66000-7f3944c67000 rw-p 00000000 00:00 0 
7f3944c67000-7f3944c6f000 rw-s 00000000 103:01 281401                    /tmp/hsperfdata_ubuntu/13044
7f3944c6f000-7f3944c71000 r--p 00000000 103:01 276368                    /usr/lib/jvm/java-21-openjdk-amd64/lib/libjimage.so
7f3944c71000-7f3944c74000 r-xp 00002000 103:01 276368                    /usr/lib/jvm/java-21-openjdk-amd64/lib/libjimage.so
7f3944c74000-7f3944c75000 r--p 00005000 103:01 276368                    /usr/lib/jvm/java-21-openjdk-amd64/lib/libjimage.so
7f3944c75000-7f3944c76000 r--p 00006000 103:01 276368                    /usr/lib/jvm/java-21-openjdk-amd64/lib/libjimage.so
7f3944c76000-7f3944c77000 rw-p 00007000 103:01 276368                    /usr/lib/jvm/java-21-openjdk-amd64/lib/libjimage.so
7f3944c77000-7f3944c7b000 r--p 00000000 103:01 6466                      /usr/lib/x86_64-linux-gnu/libgcc_s.so.1
7f3944c7b000-7f3944c9f000 r-xp 00004000 103:01 6466                      /usr/lib/x86_64-linux-gnu/libgcc_s.so.1
7f3944c9f000-7f3944ca3000 r--p 00028000 103:01 6466                      /usr/lib/x86_64-linux-gnu/libgcc_s.so.1
7f3944ca3000-7f3944ca4000 r--p 0002b000 103:01 6466                      /usr/lib/x86_64-linux-gnu/libgcc_s.so.1
7f3944ca4000-7f3944ca5000 rw-p 0002c000 103:01 6466                      /usr/lib/x86_64-linux-gnu/libgcc_s.so.1
7f3944ca5000-7f3944ca7000 rw-p 00000000 00:00 0 
7f3944ca7000-7f3944ca9000 r--p 00000000 103:01 276369                    /usr/lib/jvm/java-21-openjdk-amd64/lib/libjli.so
7f3944ca9000-7f3944cb3000 r-xp 00002000 103:01 276369                    /usr/lib/jvm/java-21-openjdk-amd64/lib/libjli.so
7f3944cb3000-7f3944cb6000 r--p 0000c000 103:01 276369                    /usr/lib/jvm/java-21-openjdk-amd64/lib/libjli.so
7f3944cb6000-7f3944cb7000 r--p 0000f000 103:01 276369                    /usr/lib/jvm/java-21-openjdk-amd64/lib/libjli.so
7f3944cb7000-7f3944cb8000 rw-p 00010000 103:01 276369                    /usr/lib/jvm/java-21-openjdk-amd64/lib/libjli.so
7f3944cb8000-7f3944cba000 r--p 00000000 103:01 6301                      /usr/lib/x86_64-linux-gnu/libz.so.1.3
7f3944cba000-7f3944ccc000 r-xp 00002000 103:01 6301                      /usr/lib/x86_64-linux-gnu/libz.so.1.3
7f3944ccc000-7f3944cd2000 r--p 00014000 103:01 6301                      /usr/lib/x86_64-linux-gnu/libz.so.1.3
7f3944cd2000-7f3944cd3000 r--p 0001a000 103:01 6301                      /usr/lib/x86_64-linux-gnu/libz.so.1.3
7f3944cd3000-7f3944cd4000 rw-p 0001b000 103:01 6301                      /usr/lib/x86_64-linux-gnu/libz.so.1.3
7f3944cd8000-7f3944cd9000 ---p 00000000 00:00 0 
7f3944cd9000-7f3944cda000 r--p 00000000 00:00 0 
7f3944cda000-7f3944cdb000 ---p 00000000 00:00 0 
7f3944cdb000-7f3944cdd000 rw-p 00000000 00:00 0 
7f3944cdd000-7f3944cde000 r--p 00000000 103:01 44895                     /usr/lib/x86_64-linux-gnu/ld-linux-x86-64.so.2
7f3944cde000-7f3944d09000 r-xp 00001000 103:01 44895                     /usr/lib/x86_64-linux-gnu/ld-linux-x86-64.so.2
7f3944d09000-7f3944d13000 r--p 0002c000 103:01 44895                     /usr/lib/x86_64-linux-gnu/ld-linux-x86-64.so.2
7f3944d13000-7f3944d15000 r--p 00036000 103:01 44895                     /usr/lib/x86_64-linux-gnu/ld-linux-x86-64.so.2
7f3944d15000-7f3944d17000 rw-p 00038000 103:01 44895                     /usr/lib/x86_64-linux-gnu/ld-linux-x86-64.so.2
7ffca7c37000-7ffca7c58000 rw-p 00000000 00:00 0                          [stack]
7ffca7d09000-7ffca7d0d000 r--p 00000000 00:00 0                          [vvar]
7ffca7d0d000-7ffca7d0f000 r-xp 00000000 00:00 0                          [vdso]
ffffffffff600000-ffffffffff601000 --xp 00000000 00:00 0                  [vsyscall]
Total number of mappings: 104


VM Arguments:
jvm_args: -Xms4G -Xmx4G 
java_command: server.jar --nogui
java_class_path (initial): server.jar
Launcher Type: SUN_STANDARD

[Global flags]
     intx CICompilerCount                          = 2                                         {product} {ergonomic}
     uint ConcGCThreads                            = 1                                         {product} {ergonomic}
     uint G1ConcRefinementThreads                  = 2                                         {product} {ergonomic}
   size_t G1HeapRegionSize                         = 2097152                                   {product} {ergonomic}
    uintx GCDrainStackTargetSize                   = 64                                        {product} {ergonomic}
   size_t InitialHeapSize                          = 4294967296                                {product} {command line}
   size_t MarkStackSize                            = 4194304                                   {product} {ergonomic}
   size_t MaxHeapSize                              = 4294967296                                {product} {command line}
   size_t MinHeapDeltaBytes                        = 2097152                                   {product} {ergonomic}
   size_t MinHeapSize                              = 4294967296                                {product} {command line}
    uintx NonNMethodCodeHeapSize                   = 5826188                                {pd product} {ergonomic}
    uintx NonProfiledCodeHeapSize                  = 122916026                              {pd product} {ergonomic}
    uintx ProfiledCodeHeapSize                     = 122916026                              {pd product} {ergonomic}
    uintx ReservedCodeCacheSize                    = 251658240                              {pd product} {ergonomic}
     bool SegmentedCodeCache                       = true                                      {product} {ergonomic}
   size_t SoftMaxHeapSize                          = 4294967296                             {manageable} {ergonomic}
     bool UseCompressedOops                        = true                           {product lp64_product} {ergonomic}
     bool UseG1GC                                  = true                                      {product} {ergonomic}

Logging:
Log output configuration:
 #0: stdout all=warning uptime,level,tags foldmultilines=false
 #1: stderr all=off uptime,level,tags foldmultilines=false

Environment Variables:
PATH=/usr/local/sbin:/usr/local/bin:/usr/sbin:/usr/bin:/sbin:/bin:/usr/games:/usr/local/games:/snap/bin
SHELL=/bin/bash
LANG=C.UTF-8
TERM=screen

Active Locale:
LC_ALL=C
LC_COLLATE=C
LC_CTYPE=C
LC_MESSAGES=C
LC_MONETARY=C
LC_NUMERIC=C
LC_TIME=C

Signal Handlers:
   SIGSEGV: crash_handler in libjvm.so, mask=11100100010111111101111111111110, flags=SA_RESTART|SA_SIGINFO, unblocked
    SIGBUS: crash_handler in libjvm.so, mask=11100100010111111101111111111110, flags=SA_RESTART|SA_SIGINFO, unblocked
    SIGFPE: crash_handler in libjvm.so, mask=11100100010111111101111111111110, flags=SA_RESTART|SA_SIGINFO, unblocked
   SIGPIPE: javaSignalHandler in libjvm.so, mask=11100100010111111101111111111110, flags=SA_RESTART|SA_SIGINFO, blocked
   SIGXFSZ: javaSignalHandler in libjvm.so, mask=11100100010111111101111111111110, flags=SA_RESTART|SA_SIGINFO, blocked
    SIGILL: crash_handler in libjvm.so, mask=11100100010111111101111111111110, flags=SA_RESTART|SA_SIGINFO, unblocked
   SIGUSR2: SR_handler in libjvm.so, mask=00000000000000000000000000000000, flags=SA_RESTART|SA_SIGINFO, blocked
    SIGHUP: SIG_DFL, mask=00000000000000000000000000000000, flags=none, blocked
    SIGINT: SIG_DFL, mask=00000000000000000000000000000000, flags=none, blocked
   SIGTERM: SIG_DFL, mask=00000000000000000000000000000000, flags=none, blocked
   SIGQUIT: UserHandler in libjvm.so, mask=11100100010111111101111111111110, flags=SA_RESTART|SA_SIGINFO, blocked
   SIGTRAP: crash_handler in libjvm.so, mask=11100100010111111101111111111110, flags=SA_RESTART|SA_SIGINFO, unblocked


Periodic native trim disabled

---------------  S Y S T E M  ---------------

OS:
DISTRIB_ID=Ubuntu
DISTRIB_RELEASE=24.04
DISTRIB_CODENAME=noble
DISTRIB_DESCRIPTION="Ubuntu 24.04.1 LTS"
uname: Linux 6.8.0-1021-aws #23-Ubuntu SMP Mon Dec  9 23:59:34 UTC 2024 x86_64
OS uptime: 0 days 14:58 hours
libc: glibc 2.39 NPTL 2.39 
rlimit (soft/hard): STACK 8192k/infinity , CORE 0k/infinity , NPROC 15287/15287 , NOFILE 1048576/1048576 , AS infinity/infinity , CPU infinity/infinity , DATA infinity/infinity , FSIZE infinity/infinity , MEMLOCK 491120k/491120k
load average: 0.07 0.17 0.42

/proc/meminfo:
MemTotal:        3928976 kB
MemFree:         1822548 kB
MemAvailable:    3423444 kB
Buffers:           35000 kB
Cached:          1745484 kB
SwapCached:            0 kB
Active:           241712 kB
Inactive:        1599216 kB
Active(anon):      56412 kB
Inactive(anon):    23440 kB
Active(file):     185300 kB
Inactive(file):  1575776 kB
Unevictable:       36896 kB
Mlocked:           27152 kB
SwapTotal:             0 kB
SwapFree:              0 kB
Zswap:                 0 kB
Zswapped:              0 kB
Dirty:                88 kB
Writeback:             0 kB
AnonPages:         97372 kB
Mapped:            92324 kB
Shmem:              2788 kB
KReclaimable:      88488 kB
Slab:             138436 kB
SReclaimable:      88488 kB
SUnreclaim:        49948 kB
KernelStack:        2396 kB
PageTables:         3284 kB
SecPageTables:         0 kB
NFS_Unstable:          0 kB
Bounce:                0 kB
WritebackTmp:          0 kB
CommitLimit:     1964488 kB
Committed_AS:     597972 kB
VmallocTotal:   34359738367 kB
VmallocUsed:       13084 kB
VmallocChunk:          0 kB
Percpu:             1280 kB
HardwareCorrupted:     0 kB
AnonHugePages:         0 kB
ShmemHugePages:        0 kB
ShmemPmdMapped:        0 kB
FileHugePages:         0 kB
FilePmdMapped:         0 kB
Unaccepted:            0 kB
HugePages_Total:       0
HugePages_Free:        0
HugePages_Rsvd:        0
HugePages_Surp:        0
Hugepagesize:       2048 kB
Hugetlb:               0 kB
DirectMap4k:       68016 kB
DirectMap2M:     2996224 kB
DirectMap1G:     1048576 kB

/sys/kernel/mm/transparent_hugepage/enabled: always [madvise] never
/sys/kernel/mm/transparent_hugepage/hpage_pmd_size: 2097152
/sys/kernel/mm/transparent_hugepage/defrag (defrag/compaction efforts parameter): always defer defer+madvise [madvise] never

Process Memory:
Virtual Size: 803484K (peak: 4993300K)
Resident Set Size: 21888K (peak: 21888K) (anon: 6784K, file: 15104K, shmem: 0K)
Swapped out: 0K
C-Heap outstanding allocations: 9496K, retained: 595K
glibc malloc tunables: (default)

/proc/sys/kernel/threads-max (system-wide limit on the number of threads): 30575
/proc/sys/vm/max_map_count (maximum number of memory map areas a process may have): 1048576
/proc/sys/vm/swappiness (control to define how aggressively the kernel swaps out anonymous memory): 60
/proc/sys/kernel/pid_max (system-wide limit on number of process identifiers): 4194304

container (cgroup) information:
container_type: cgroupv2
cpu_cpuset_cpus: not supported
cpu_memory_nodes: not supported
active_processor_count: 2
cpu_quota: no quota
cpu_period: 100000
cpu_shares: no shares
memory_limit_in_bytes: unlimited
memory_and_swap_limit_in_bytes: unlimited
memory_soft_limit_in_bytes: unlimited
memory_usage_in_bytes: 1495660 k
memory_max_usage_in_bytes: not supported
memory_swap_current_in_bytes: unlimited
memory_swap_max_limit_in_bytes: unlimited
maximum number of tasks: unlimited
current number of tasks: 10

KVM virtualization detected
Steal ticks since vm start: 0
Steal ticks percentage since vm start:  0.000

CPU: total 2 (initial active 2) (1 cores per cpu, 2 threads per core) family 6 model 85 stepping 4 microcode 0x2007006, cx8, cmov, fxsr, ht, mmx, 3dnowpref, sse, sse2, sse3, ssse3, sse4.1, sse4.2, popcnt, lzcnt, tsc, tscinvbit, avx, avx2, aes, erms, clmul, bmi1, bmi2, adx, fma, vzeroupper, clflush, clflushopt, clwb, hv, rdtscp, f16c, pku, ospke
CPU Model and flags from /proc/cpuinfo:
model name	: Intel(R) Xeon(R) Platinum 8175M CPU @ 2.50GHz
flags		: fpu vme de pse tsc msr pae mce cx8 apic sep mtrr pge mca cmov pat pse36 clflush mmx fxsr sse sse2 ss ht syscall nx pdpe1gb rdtscp lm constant_tsc rep_good nopl xtopology nonstop_tsc cpuid tsc_known_freq pni pclmulqdq ssse3 fma cx16 pcid sse4_1 sse4_2 x2apic movbe popcnt tsc_deadline_timer aes xsave avx f16c rdrand hypervisor lahf_lm abm 3dnowprefetch pti fsgsbase tsc_adjust bmi1 avx2 smep bmi2 erms invpcid mpx avx512f avx512dq rdseed adx smap clflushopt clwb avx512cd avx512bw avx512vl xsaveopt xsavec xgetbv1 xsaves ida arat pku ospke

Online cpus: 0-1
Offline cpus: 
BIOS frequency limitation: <Not Available>
Frequency switch latency (ns): <Not Available>
Available cpu frequencies: <Not Available>
Current governor: <Not Available>
Core performance/turbo boost: <Not Available>

Memory: 4k page, physical 3928976k(3423444k free), swap 0k(0k free)
Page Sizes: 4k

vm_info: OpenJDK 64-Bit Server VM (21.0.6+7-Ubuntu-124.04.1) for linux-amd64 JRE (21.0.6+7-Ubuntu-124.04.1), built on 2025-01-23T22:52:35Z by "buildd" with gcc 13.3.0

END.
