#
# There is insufficient memory for the Java Runtime Environment to continue.
# Native memory allocation (mmap) failed to map 4294967296 bytes. Error detail: committing reserved memory.
# Possible reasons:
#   The system is out of physical RAM or swap space
#   This process is running with CompressedOops enabled, and the Java Heap may be blocking the growth of the native heap
# Possible solutions:
#   Reduce memory load on the system
#   Increase physical memory or swap space
#   Check if swap backing store is full
#   Decrease Java heap size (-Xmx/-Xms)
#   Decrease number of Java threads
#   Decrease Java thread stack sizes (-Xss)
#   Set larger code cache with -XX:ReservedCodeCacheSize=
#   JVM is running with Zero Based Compressed Oops mode in which the Java heap is
#     placed in the first 32GB address space. The Java Heap base address is the
#     maximum limit for the native heap growth. Please use -XX:HeapBaseMinAddress
#     to set the Java Heap base and to place the Java Heap above 32GB virtual address.
# This output file may be truncated or incomplete.
#
#  Out of Memory Error (os_linux.cpp:2793), pid=13062, tid=13063
#
# JRE version:  (21.0.6+7) (build )
# Java VM: OpenJDK 64-Bit Server VM (21.0.6+7-Ubuntu-124.04.1, mixed mode, sharing, tiered, compressed oops, compressed class ptrs, g1 gc, linux-amd64)
# Core dump will be written. Default location: Core dumps may be processed with "/usr/share/apport/apport -p%p -s%s -c%c -d%d -P%P -u%u -g%g -- %E" (or dumping to /home/ubuntu/skibidilandia/core.13062)
#

---------------  S U M M A R Y ------------

Command Line: -Xms4G -Xmx4G server.jar --nogui

Host: Intel(R) Xeon(R) Platinum 8175M CPU @ 2.50GHz, 2 cores, 3G, Ubuntu 24.04.1 LTS
Time: Tue Feb 18 15:03:12 2025 UTC elapsed time: 0.003908 seconds (0d 0h 0m 0s)

---------------  T H R E A D  ---------------

Current thread (0x0000773484018eb0):  JavaThread "Unknown thread" [_thread_in_vm, id=13063, stack(0x000077348c100000,0x000077348c200000) (1024K)]

Stack: [0x000077348c100000,0x000077348c200000],  sp=0x000077348c1fe500,  free space=1017k
Native frames: (J=compiled Java code, j=interpreted, Vv=VM code, C=native code)
V  [libjvm.so+0x100fb2b]  VMError::report_and_die(int, char const*, char const*, __va_list_tag*, Thread*, unsigned char*, void*, void*, char const*, int, unsigned long)+0x27b  (os_linux.cpp:2793)
V  [libjvm.so+0x1010511]
V  [libjvm.so+0x6b0261]
V  [libjvm.so+0xcf8dad]  os::pd_commit_memory_or_exit(char*, unsigned long, unsigned long, bool, char const*)+0xdd
V  [libjvm.so+0xcf27df]  os::commit_memory_or_exit(char*, unsigned long, unsigned long, bool, char const*)+0x1f
V  [libjvm.so+0x80f6ab]  G1PageBasedVirtualSpace::commit(unsigned long, unsigned long)+0x5b
V  [libjvm.so+0x825d1b]  G1RegionsLargerThanCommitSizeMapper::commit_regions(unsigned int, unsigned long, WorkerThreads*)+0xab
V  [libjvm.so+0x8b658a]  HeapRegionManager::commit_regions(unsigned int, unsigned long, WorkerThreads*)+0x5a
V  [libjvm.so+0x8b822f]  HeapRegionManager::expand(unsigned int, unsigned int, WorkerThreads*)+0x2f
V  [libjvm.so+0x8b8445]  HeapRegionManager::expand_by(unsigned int, WorkerThreads*)+0x75
V  [libjvm.so+0x7c4e1c]  G1CollectedHeap::expand(unsigned long, WorkerThreads*, double*)+0xfc
V  [libjvm.so+0x7c53b3]  G1CollectedHeap::initialize()+0x543
V  [libjvm.so+0xfb2569]  universe_init()+0xd9
V  [libjvm.so+0x8d66fa]  init_globals()+0x3a
V  [libjvm.so+0xf91328]  Threads::create_vm(JavaVMInitArgs*, bool*)+0x278
V  [libjvm.so+0x9b0f23]  JNI_CreateJavaVM+0x53
C  [libjli.so+0x4673]  JavaMain+0x93
C  [libjli.so+0x846d]  ThreadJavaMain+0xd
C  [libc.so.6+0x9caa4]

---------------  P R O C E S S  ---------------

Threads class SMR info:
_java_thread_list=0x000077348db3fd80, length=0, elements={
}

Java Threads: ( => current thread )
Total: 0

Other Threads:
  0x0000773484081ef0 WorkerThread "GC Thread#0"                     [id=13064, stack(0x000077348bc28000,0x000077348bd28000) (1024K)]
  0x00007734840934c0 ConcurrentGCThread "G1 Main Marker"            [id=13065, stack(0x000077348ab00000,0x000077348ac00000) (1024K)]
  0x0000773484094470 WorkerThread "G1 Conc#0"                       [id=13066, stack(0x000077348a9ff000,0x000077348aaff000) (1024K)]

[error occurred during error reporting (printing all threads), id 0xb, SIGSEGV (0xb) at pc=0x000077348cde0204]
VM state: not at safepoint (not fully initialized)

VM Mutex/Monitor currently owned by a thread:  ([mutex/lock_event])
[0x000077348db19bf8] Heap_lock - owner thread: 0x0000773484018eb0

Heap address: 0x0000000700000000, size: 4096 MB, Compressed Oops mode: Zero based, Oop shift amount: 3

CDS archive(s) mapped at: [0x0000000000000000-0x0000000000000000-0x0000000000000000), size 0, SharedBaseAddress: 0x0000000800000000, ArchiveRelocationMode: 1.
Narrow klass base: 0x0000000000000000, Narrow klass shift: 0, Narrow klass range: 0x0

GC Precious Log:
 CardTable entry size: 512
 Card Set container configuration: InlinePtr #cards 4 size 8 Array Of Cards #cards 16 size 48 Howl #buckets 8 coarsen threshold 3686 Howl Bitmap #cards 512 size 80 coarsen threshold 460 Card regions per heap region 1 cards per card region 4096

Heap:
 garbage-first heap   total 0K, used 0K [0x0000000700000000, 0x0000000800000000)
  region size 2048K, 0 young (0K), 0 survivors (0K)

[error occurred during error reporting (printing heap information), id 0xb, SIGSEGV (0xb) at pc=0x000077348d3a531e]
GC Heap History (0 events):
No events

Dll operation events (1 events):
Event: 0.001 Loaded shared library /usr/lib/jvm/java-21-openjdk-amd64/lib/libjava.so

Deoptimization events (0 events):
No events

Classes loaded (0 events):
No events

Classes unloaded (0 events):
No events

Classes redefined (0 events):
No events

Internal exceptions (0 events):
No events

ZGC Phase Switch (0 events):
No events

VM Operations (0 events):
No events

Memory protections (1 events):
Event: 0.001 Protecting memory [0x000077348c100000,0x000077348c104000] with protection modes 0

Nmethod flushes (0 events):
No events

Events (0 events):
No events


Dynamic libraries:
5b4d9cb88000-5b4d9cb89000 r--p 00000000 103:01 276238                    /usr/lib/jvm/java-21-openjdk-amd64/bin/java
5b4d9cb89000-5b4d9cb8a000 r-xp 00001000 103:01 276238                    /usr/lib/jvm/java-21-openjdk-amd64/bin/java
5b4d9cb8a000-5b4d9cb8b000 r--p 00002000 103:01 276238                    /usr/lib/jvm/java-21-openjdk-amd64/bin/java
5b4d9cb8b000-5b4d9cb8c000 r--p 00002000 103:01 276238                    /usr/lib/jvm/java-21-openjdk-amd64/bin/java
5b4d9cb8c000-5b4d9cb8d000 rw-p 00003000 103:01 276238                    /usr/lib/jvm/java-21-openjdk-amd64/bin/java
5b4da9958000-5b4da999f000 rw-p 00000000 00:00 0                          [heap]
773458000000-773458021000 rw-p 00000000 00:00 0 
773458021000-77345c000000 ---p 00000000 00:00 0 
77345c000000-77345c021000 rw-p 00000000 00:00 0 
77345c021000-773460000000 ---p 00000000 00:00 0 
773464000000-773464021000 rw-p 00000000 00:00 0 
773464021000-773468000000 ---p 00000000 00:00 0 
773468800000-77346c800000 ---p 00000000 00:00 0 
77346c800000-77346ca70000 rwxp 00000000 00:00 0 
77346ca70000-773473d38000 ---p 00000000 00:00 0 
773473d38000-773473fa8000 rwxp 00000000 00:00 0 
773473fa8000-7734742c7000 ---p 00000000 00:00 0 
7734742c7000-773474537000 rwxp 00000000 00:00 0 
773474537000-77347b800000 ---p 00000000 00:00 0 
77347b800000-773483e0d000 r--s 00000000 103:01 276388                    /usr/lib/jvm/java-21-openjdk-amd64/lib/modules
773484000000-7734840c6000 rw-p 00000000 00:00 0 
7734840c6000-773488000000 ---p 00000000 00:00 0 
773488200000-7734884e2000 rw-p 00000000 00:00 0 
77348857f000-77348a800000 rw-p 00000000 00:00 0 
77348a8fd000-77348a9fe000 rw-p 00000000 00:00 0 
77348a9fe000-77348a9ff000 ---p 00000000 00:00 0 
77348a9ff000-77348aaff000 rw-p 00000000 00:00 0 
77348aaff000-77348ab00000 ---p 00000000 00:00 0 
77348ab00000-77348ac00000 rw-p 00000000 00:00 0 
77348ac00000-77348bc00000 ---p 00000000 00:00 0 
77348bc27000-77348bc28000 ---p 00000000 00:00 0 
77348bc28000-77348bd28000 rw-p 00000000 00:00 0 
77348bd28000-77348bf2f000 rw-p 00000000 00:00 0 
77348bf2f000-77348c015000 ---p 00000000 00:00 0 
77348c015000-77348c01a000 rw-p 00000000 00:00 0 
77348c01a000-77348c100000 ---p 00000000 00:00 0 
77348c100000-77348c104000 ---p 00000000 00:00 0 
77348c104000-77348c200000 rw-p 00000000 00:00 0 
77348c200000-77348c29d000 r--p 00000000 103:01 5162                      /usr/lib/x86_64-linux-gnu/libstdc++.so.6.0.33
77348c29d000-77348c3e5000 r-xp 0009d000 103:01 5162                      /usr/lib/x86_64-linux-gnu/libstdc++.so.6.0.33
77348c3e5000-77348c46c000 r--p 001e5000 103:01 5162                      /usr/lib/x86_64-linux-gnu/libstdc++.so.6.0.33
77348c46c000-77348c477000 r--p 0026b000 103:01 5162                      /usr/lib/x86_64-linux-gnu/libstdc++.so.6.0.33
77348c477000-77348c47a000 rw-p 00276000 103:01 5162                      /usr/lib/x86_64-linux-gnu/libstdc++.so.6.0.33
77348c47a000-77348c47e000 rw-p 00000000 00:00 0 
77348c517000-77348c527000 r--p 00000000 103:01 44901                     /usr/lib/x86_64-linux-gnu/libm.so.6
77348c527000-77348c5a6000 r-xp 00010000 103:01 44901                     /usr/lib/x86_64-linux-gnu/libm.so.6
77348c5a6000-77348c5fe000 r--p 0008f000 103:01 44901                     /usr/lib/x86_64-linux-gnu/libm.so.6
77348c5fe000-77348c5ff000 r--p 000e7000 103:01 44901                     /usr/lib/x86_64-linux-gnu/libm.so.6
77348c5ff000-77348c600000 rw-p 000e8000 103:01 44901                     /usr/lib/x86_64-linux-gnu/libm.so.6
77348c600000-77348c8a1000 r--p 00000000 103:01 276394                    /usr/lib/jvm/java-21-openjdk-amd64/lib/server/libjvm.so
77348c8a1000-77348d70d000 r-xp 002a1000 103:01 276394                    /usr/lib/jvm/java-21-openjdk-amd64/lib/server/libjvm.so
77348d70d000-77348d9e5000 r--p 0110d000 103:01 276394                    /usr/lib/jvm/java-21-openjdk-amd64/lib/server/libjvm.so
77348d9e5000-77348dab8000 r--p 013e5000 103:01 276394                    /usr/lib/jvm/java-21-openjdk-amd64/lib/server/libjvm.so
77348dab8000-77348dae8000 rw-p 014b8000 103:01 276394                    /usr/lib/jvm/java-21-openjdk-amd64/lib/server/libjvm.so
77348dae8000-77348db4e000 rw-p 00000000 00:00 0 
77348dbbb000-77348dc00000 rw-p 00000000 00:00 0 
77348dc00000-77348dc28000 r--p 00000000 103:01 44898                     /usr/lib/x86_64-linux-gnu/libc.so.6
77348dc28000-77348ddb0000 r-xp 00028000 103:01 44898                     /usr/lib/x86_64-linux-gnu/libc.so.6
77348ddb0000-77348ddff000 r--p 001b0000 103:01 44898                     /usr/lib/x86_64-linux-gnu/libc.so.6
77348ddff000-77348de03000 r--p 001fe000 103:01 44898                     /usr/lib/x86_64-linux-gnu/libc.so.6
77348de03000-77348de05000 rw-p 00202000 103:01 44898                     /usr/lib/x86_64-linux-gnu/libc.so.6
77348de05000-77348de12000 rw-p 00000000 00:00 0 
77348de46000-77348de4b000 rw-p 00000000 00:00 0 
77348de4b000-77348de52000 ---p 00000000 00:00 0 
77348de52000-77348de5f000 r--p 00000000 103:01 276365                    /usr/lib/jvm/java-21-openjdk-amd64/lib/libjava.so
77348de5f000-77348de6e000 r-xp 0000d000 103:01 276365                    /usr/lib/jvm/java-21-openjdk-amd64/lib/libjava.so
77348de6e000-77348de73000 r--p 0001c000 103:01 276365                    /usr/lib/jvm/java-21-openjdk-amd64/lib/libjava.so
77348de73000-77348de74000 r--p 00021000 103:01 276365                    /usr/lib/jvm/java-21-openjdk-amd64/lib/libjava.so
77348de74000-77348de75000 rw-p 00022000 103:01 276365                    /usr/lib/jvm/java-21-openjdk-amd64/lib/libjava.so
77348de75000-77348de76000 rw-p 00000000 00:00 0 
77348de76000-77348de7e000 rw-s 00000000 103:01 281401                    /tmp/hsperfdata_ubuntu/13062
77348de7e000-77348de80000 r--p 00000000 103:01 276368                    /usr/lib/jvm/java-21-openjdk-amd64/lib/libjimage.so
77348de80000-77348de83000 r-xp 00002000 103:01 276368                    /usr/lib/jvm/java-21-openjdk-amd64/lib/libjimage.so
77348de83000-77348de84000 r--p 00005000 103:01 276368                    /usr/lib/jvm/java-21-openjdk-amd64/lib/libjimage.so
77348de84000-77348de85000 r--p 00006000 103:01 276368                    /usr/lib/jvm/java-21-openjdk-amd64/lib/libjimage.so
77348de85000-77348de86000 rw-p 00007000 103:01 276368                    /usr/lib/jvm/java-21-openjdk-amd64/lib/libjimage.so
77348de86000-77348de8a000 r--p 00000000 103:01 6466                      /usr/lib/x86_64-linux-gnu/libgcc_s.so.1
77348de8a000-77348deae000 r-xp 00004000 103:01 6466                      /usr/lib/x86_64-linux-gnu/libgcc_s.so.1
77348deae000-77348deb2000 r--p 00028000 103:01 6466                      /usr/lib/x86_64-linux-gnu/libgcc_s.so.1
77348deb2000-77348deb3000 r--p 0002b000 103:01 6466                      /usr/lib/x86_64-linux-gnu/libgcc_s.so.1
77348deb3000-77348deb4000 rw-p 0002c000 103:01 6466                      /usr/lib/x86_64-linux-gnu/libgcc_s.so.1
77348deb4000-77348deb6000 rw-p 00000000 00:00 0 
77348deb6000-77348deb8000 r--p 00000000 103:01 276369                    /usr/lib/jvm/java-21-openjdk-amd64/lib/libjli.so
77348deb8000-77348dec2000 r-xp 00002000 103:01 276369                    /usr/lib/jvm/java-21-openjdk-amd64/lib/libjli.so
77348dec2000-77348dec5000 r--p 0000c000 103:01 276369                    /usr/lib/jvm/java-21-openjdk-amd64/lib/libjli.so
77348dec5000-77348dec6000 r--p 0000f000 103:01 276369                    /usr/lib/jvm/java-21-openjdk-amd64/lib/libjli.so
77348dec6000-77348dec7000 rw-p 00010000 103:01 276369                    /usr/lib/jvm/java-21-openjdk-amd64/lib/libjli.so
77348dec7000-77348dec9000 r--p 00000000 103:01 6301                      /usr/lib/x86_64-linux-gnu/libz.so.1.3
77348dec9000-77348dedb000 r-xp 00002000 103:01 6301                      /usr/lib/x86_64-linux-gnu/libz.so.1.3
77348dedb000-77348dee1000 r--p 00014000 103:01 6301                      /usr/lib/x86_64-linux-gnu/libz.so.1.3
77348dee1000-77348dee2000 r--p 0001a000 103:01 6301                      /usr/lib/x86_64-linux-gnu/libz.so.1.3
77348dee2000-77348dee3000 rw-p 0001b000 103:01 6301                      /usr/lib/x86_64-linux-gnu/libz.so.1.3
77348dee7000-77348dee8000 ---p 00000000 00:00 0 
77348dee8000-77348dee9000 r--p 00000000 00:00 0 
77348dee9000-77348deea000 ---p 00000000 00:00 0 
77348deea000-77348deec000 rw-p 00000000 00:00 0 
77348deec000-77348deed000 r--p 00000000 103:01 44895                     /usr/lib/x86_64-linux-gnu/ld-linux-x86-64.so.2
77348deed000-77348df18000 r-xp 00001000 103:01 44895                     /usr/lib/x86_64-linux-gnu/ld-linux-x86-64.so.2
77348df18000-77348df22000 r--p 0002c000 103:01 44895                     /usr/lib/x86_64-linux-gnu/ld-linux-x86-64.so.2
77348df22000-77348df24000 r--p 00036000 103:01 44895                     /usr/lib/x86_64-linux-gnu/ld-linux-x86-64.so.2
77348df24000-77348df26000 rw-p 00038000 103:01 44895                     /usr/lib/x86_64-linux-gnu/ld-linux-x86-64.so.2
7ffef7387000-7ffef73a8000 rw-p 00000000 00:00 0                          [stack]
7ffef73f1000-7ffef73f5000 r--p 00000000 00:00 0                          [vvar]
7ffef73f5000-7ffef73f7000 r-xp 00000000 00:00 0                          [vdso]
ffffffffff600000-ffffffffff601000 --xp 00000000 00:00 0                  [vsyscall]
Total number of mappings: 105


VM Arguments:
jvm_args: -Xms4G -Xmx4G 
java_command: server.jar --nogui
java_class_path (initial): server.jar
Launcher Type: SUN_STANDARD

[Global flags]
     intx CICompilerCount                          = 2                                         {product} {ergonomic}
     uint ConcGCThreads                            = 1                                         {product} {ergonomic}
     uint G1ConcRefinementThreads                  = 2                                         {product} {ergonomic}
   size_t G1HeapRegionSize                         = 2097152                                   {product} {ergonomic}
    uintx GCDrainStackTargetSize                   = 64                                        {product} {ergonomic}
   size_t InitialHeapSize                          = 4294967296                                {product} {command line}
   size_t MarkStackSize                            = 4194304                                   {product} {ergonomic}
   size_t MaxHeapSize                              = 4294967296                                {product} {command line}
   size_t MinHeapDeltaBytes                        = 2097152                                   {product} {ergonomic}
   size_t MinHeapSize                              = 4294967296                                {product} {command line}
    uintx NonNMethodCodeHeapSize                   = 5826188                                {pd product} {ergonomic}
    uintx NonProfiledCodeHeapSize                  = 122916026                              {pd product} {ergonomic}
    uintx ProfiledCodeHeapSize                     = 122916026                              {pd product} {ergonomic}
    uintx ReservedCodeCacheSize                    = 251658240                              {pd product} {ergonomic}
     bool SegmentedCodeCache                       = true                                      {product} {ergonomic}
   size_t SoftMaxHeapSize                          = 4294967296                             {manageable} {ergonomic}
     bool UseCompressedOops                        = true                           {product lp64_product} {ergonomic}
     bool UseG1GC                                  = true                                      {product} {ergonomic}

Logging:
Log output configuration:
 #0: stdout all=warning uptime,level,tags foldmultilines=false
 #1: stderr all=off uptime,level,tags foldmultilines=false

Environment Variables:
PATH=/usr/local/sbin:/usr/local/bin:/usr/sbin:/usr/bin:/sbin:/bin:/usr/games:/usr/local/games:/snap/bin
SHELL=/bin/bash
LANG=C.UTF-8
TERM=screen

Active Locale:
LC_ALL=C
LC_COLLATE=C
LC_CTYPE=C
LC_MESSAGES=C
LC_MONETARY=C
LC_NUMERIC=C
LC_TIME=C

Signal Handlers:
   SIGSEGV: crash_handler in libjvm.so, mask=11100100010111111101111111111110, flags=SA_RESTART|SA_SIGINFO, unblocked
    SIGBUS: crash_handler in libjvm.so, mask=11100100010111111101111111111110, flags=SA_RESTART|SA_SIGINFO, unblocked
    SIGFPE: crash_handler in libjvm.so, mask=11100100010111111101111111111110, flags=SA_RESTART|SA_SIGINFO, unblocked
   SIGPIPE: javaSignalHandler in libjvm.so, mask=11100100010111111101111111111110, flags=SA_RESTART|SA_SIGINFO, blocked
   SIGXFSZ: javaSignalHandler in libjvm.so, mask=11100100010111111101111111111110, flags=SA_RESTART|SA_SIGINFO, blocked
    SIGILL: crash_handler in libjvm.so, mask=11100100010111111101111111111110, flags=SA_RESTART|SA_SIGINFO, unblocked
   SIGUSR2: SR_handler in libjvm.so, mask=00000000000000000000000000000000, flags=SA_RESTART|SA_SIGINFO, blocked
    SIGHUP: SIG_DFL, mask=00000000000000000000000000000000, flags=none, blocked
    SIGINT: SIG_DFL, mask=00000000000000000000000000000000, flags=none, blocked
   SIGTERM: SIG_DFL, mask=00000000000000000000000000000000, flags=none, blocked
   SIGQUIT: UserHandler in libjvm.so, mask=11100100010111111101111111111110, flags=SA_RESTART|SA_SIGINFO, blocked
   SIGTRAP: crash_handler in libjvm.so, mask=11100100010111111101111111111110, flags=SA_RESTART|SA_SIGINFO, unblocked


Periodic native trim disabled

---------------  S Y S T E M  ---------------

OS:
DISTRIB_ID=Ubuntu
DISTRIB_RELEASE=24.04
DISTRIB_CODENAME=noble
DISTRIB_DESCRIPTION="Ubuntu 24.04.1 LTS"
uname: Linux 6.8.0-1021-aws #23-Ubuntu SMP Mon Dec  9 23:59:34 UTC 2024 x86_64
OS uptime: 0 days 15:00 hours
libc: glibc 2.39 NPTL 2.39 
rlimit (soft/hard): STACK 8192k/infinity , CORE 0k/infinity , NPROC 15287/15287 , NOFILE 1048576/1048576 , AS infinity/infinity , CPU infinity/infinity , DATA infinity/infinity , FSIZE infinity/infinity , MEMLOCK 491120k/491120k
load average: 0.01 0.11 0.36

/proc/meminfo:
MemTotal:        3928976 kB
MemFree:         1822548 kB
MemAvailable:    3423472 kB
Buffers:           35004 kB
Cached:          1745508 kB
SwapCached:            0 kB
Active:           241584 kB
Inactive:        1599244 kB
Active(anon):      56284 kB
Inactive(anon):    23440 kB
Active(file):     185300 kB
Inactive(file):  1575804 kB
Unevictable:       36896 kB
Mlocked:           27152 kB
SwapTotal:             0 kB
SwapFree:              0 kB
Zswap:                 0 kB
Zswapped:              0 kB
Dirty:               100 kB
Writeback:             0 kB
AnonPages:         97236 kB
Mapped:            92236 kB
Shmem:              2788 kB
KReclaimable:      88488 kB
Slab:             138436 kB
SReclaimable:      88488 kB
SUnreclaim:        49948 kB
KernelStack:        2408 kB
PageTables:         3216 kB
SecPageTables:         0 kB
NFS_Unstable:          0 kB
Bounce:                0 kB
WritebackTmp:          0 kB
CommitLimit:     1964488 kB
Committed_AS:     597972 kB
VmallocTotal:   34359738367 kB
VmallocUsed:       13100 kB
VmallocChunk:          0 kB
Percpu:             1280 kB
HardwareCorrupted:     0 kB
AnonHugePages:         0 kB
ShmemHugePages:        0 kB
ShmemPmdMapped:        0 kB
FileHugePages:         0 kB
FilePmdMapped:         0 kB
Unaccepted:            0 kB
HugePages_Total:       0
HugePages_Free:        0
HugePages_Rsvd:        0
HugePages_Surp:        0
Hugepagesize:       2048 kB
Hugetlb:               0 kB
DirectMap4k:       68016 kB
DirectMap2M:     2996224 kB
DirectMap1G:     1048576 kB

/sys/kernel/mm/transparent_hugepage/enabled: always [madvise] never
/sys/kernel/mm/transparent_hugepage/hpage_pmd_size: 2097152
/sys/kernel/mm/transparent_hugepage/defrag (defrag/compaction efforts parameter): always defer defer+madvise [madvise] never

Process Memory:
Virtual Size: 803484K (peak: 4993300K)
Resident Set Size: 21760K (peak: 21760K) (anon: 6784K, file: 14976K, shmem: 0K)
Swapped out: 0K
C-Heap outstanding allocations: 9496K, retained: 595K
glibc malloc tunables: (default)

/proc/sys/kernel/threads-max (system-wide limit on the number of threads): 30575
/proc/sys/vm/max_map_count (maximum number of memory map areas a process may have): 1048576
/proc/sys/vm/swappiness (control to define how aggressively the kernel swaps out anonymous memory): 60
/proc/sys/kernel/pid_max (system-wide limit on number of process identifiers): 4194304

container (cgroup) information:
container_type: cgroupv2
cpu_cpuset_cpus: not supported
cpu_memory_nodes: not supported
active_processor_count: 2
cpu_quota: no quota
cpu_period: 100000
cpu_shares: no shares
memory_limit_in_bytes: unlimited
memory_and_swap_limit_in_bytes: unlimited
memory_soft_limit_in_bytes: unlimited
memory_usage_in_bytes: 1495832 k
memory_max_usage_in_bytes: not supported
memory_swap_current_in_bytes: unlimited
memory_swap_max_limit_in_bytes: unlimited
maximum number of tasks: unlimited
current number of tasks: 10

KVM virtualization detected
Steal ticks since vm start: 0
Steal ticks percentage since vm start:  0.000

CPU: total 2 (initial active 2) (1 cores per cpu, 2 threads per core) family 6 model 85 stepping 4 microcode 0x2007006, cx8, cmov, fxsr, ht, mmx, 3dnowpref, sse, sse2, sse3, ssse3, sse4.1, sse4.2, popcnt, lzcnt, tsc, tscinvbit, avx, avx2, aes, erms, clmul, bmi1, bmi2, adx, fma, vzeroupper, clflush, clflushopt, clwb, hv, rdtscp, f16c, pku, ospke
CPU Model and flags from /proc/cpuinfo:
model name	: Intel(R) Xeon(R) Platinum 8175M CPU @ 2.50GHz
flags		: fpu vme de pse tsc msr pae mce cx8 apic sep mtrr pge mca cmov pat pse36 clflush mmx fxsr sse sse2 ss ht syscall nx pdpe1gb rdtscp lm constant_tsc rep_good nopl xtopology nonstop_tsc cpuid tsc_known_freq pni pclmulqdq ssse3 fma cx16 pcid sse4_1 sse4_2 x2apic movbe popcnt tsc_deadline_timer aes xsave avx f16c rdrand hypervisor lahf_lm abm 3dnowprefetch pti fsgsbase tsc_adjust bmi1 avx2 smep bmi2 erms invpcid mpx avx512f avx512dq rdseed adx smap clflushopt clwb avx512cd avx512bw avx512vl xsaveopt xsavec xgetbv1 xsaves ida arat pku ospke

Online cpus: 0-1
Offline cpus: 
BIOS frequency limitation: <Not Available>
Frequency switch latency (ns): <Not Available>
Available cpu frequencies: <Not Available>
Current governor: <Not Available>
Core performance/turbo boost: <Not Available>

Memory: 4k page, physical 3928976k(3423472k free), swap 0k(0k free)
Page Sizes: 4k

vm_info: OpenJDK 64-Bit Server VM (21.0.6+7-Ubuntu-124.04.1) for linux-amd64 JRE (21.0.6+7-Ubuntu-124.04.1), built on 2025-01-23T22:52:35Z by "buildd" with gcc 13.3.0

END.
