[01:51:42] [User Authenticator #10/INFO]: UUID of player bernardindopvp is 9ab4ce3d-bba4-3380-a847-c96ac5102310
[01:51:46] [Server thread/INFO]: bernardindopvp joined the game
[01:51:46] [Server thread/INFO]: bernardindopvp[/127.247.12.224:36027] logged in with entity id 45819 at ([world]-1814.9770930206241, 197.0, 1732.6483321401463)
[01:51:59] [Craft Scheduler Thread - 6883 - AuthMe/INFO]: [AuthMe] The user bernardindopvp has 2 accounts:
[01:51:59] [Craft Scheduler Thread - 6883 - AuthMe/INFO]: [AuthMe] §7hbplayone1, §abernardindopvp§7.
[01:51:59] [Craft Scheduler Thread - 6883 - AuthMe/INFO]: [AuthMe] bernardindopvp logged in 127.247.12.224
[01:54:54] [Server thread/INFO]: bernardindopvp has made the advancement [We Need to Go Deeper]
[01:56:55] [Server thread/INFO]: bernardindopvp issued server command: /tpisland nether
[01:57:06] [Server thread/INFO]: bernardindopvp issued server command: /tpisland nether
[02:08:09] [Server thread/INFO]: bernardindopvp issued server command: /tpisland deserto
[02:11:41] [Server thread/INFO]: Named entity Pillager['Pillager'/50434, uuid='94d90fd8-7fd8-4325-a110-b5b1b22ac26e', l='ServerLevel[world]', x=2306.97, y=193.00, z=-1992.61, cpos=[144, -125], tl=2411, v=true] died: Pillager was slain by bernardindopvp
[02:16:36] [Server thread/INFO]: Named entity Pillager['Pillager'/52903, uuid='eb73a978-0b7f-4605-8415-1e35f43c4786', l='ServerLevel[world]', x=2278.30, y=191.00, z=-2013.89, cpos=[142, -126], tl=1206, v=true] died: Pillager was shot by Pillager
[02:17:02] [Server thread/INFO]: Named entity Pillager['Pillager'/52902, uuid='a33fcad3-70e1-40d6-8d5d-6f66578ba344', l='ServerLevel[world]', x=2278.30, y=191.00, z=-2013.72, cpos=[142, -126], tl=1722, v=true] died: Pillager was shot by Pillager
[02:17:02] [Server thread/INFO]: Named entity Pillager['Pillager'/52956, uuid='1ed06b41-5e57-426b-babf-85eb32755caa', l='ServerLevel[world]', x=2278.97, y=191.00, z=-2014.38, cpos=[142, -126], tl=943, v=true] died: Pillager was shot by Pillager
[02:17:05] [Server thread/INFO]: Named entity Vindicator['Vindicator'/52735, uuid='72ec8b6d-fd15-4250-8c47-873f05806fa6', l='ServerLevel[world]', x=2278.30, y=190.80, z=-2012.98, cpos=[142, -126], tl=3415, v=true] died: Vindicator was blown up by bernardindopvp
[02:17:05] [Server thread/INFO]: Named entity Pillager['Pillager'/52838, uuid='7c447c0d-69fd-40c2-b252-88d52643470b', l='ServerLevel[world]', x=2279.05, y=191.00, z=-2014.46, cpos=[142, -126], tl=2310, v=true] died: Pillager was blown up by bernardindopvp
[02:17:27] [Server thread/INFO]: bernardindopvp issued server command: /tpisland deserto
[02:19:06] [Server thread/INFO]: bernardindopvp lost connection: Disconnected
[02:19:06] [Server thread/INFO]: bernardindopvp left the game
[12:37:21] [Server thread/INFO]: [Not Secure] [Server] Servidor será reiniciado em 5 minutos!
[12:41:21] [Server thread/INFO]: [Not Secure] [Server] Servidor será reiniciado em 1 minuto!
[12:42:21] [Server thread/INFO]: [Not Secure] [Server] Reiniciando servidor!
[12:42:26] [Server thread/INFO]: Saving the game (this may take a moment!)
[12:42:26] [Server thread/INFO]: Saved the game
[12:42:26] [Server thread/INFO]: Stopping the server
[12:42:26] [Server thread/INFO]: Stopping server
[12:42:26] [Server thread/INFO]: [SkinsRestorer] Disabling SkinsRestorer v15.5.3
[12:42:26] [Server thread/INFO]: [SkibCommon] Disabling SkibCommon v1.0
[12:42:26] [Server thread/INFO]: [mcMMO] Disabling mcMMO v2.2.030
[12:42:26] [Server thread/INFO]: [mcMMO] Server shutdown has been executed, saving and cleaning up data...
[12:42:26] [Server thread/INFO]: [mcMMO] Saving mcMMOPlayers... (0)
[12:42:26] [Server thread/INFO]: [mcMMO] Finished save operation for 0 players!
[12:42:26] [Server thread/INFO]: [InteractionVisualizer] Disabling InteractionVisualizer v1.18.13.0
[12:42:26] [Server thread/INFO]: [InteractionVisualizer] Saving player preferences bitmask index, do not halt the server.
[12:42:26] [Server thread/INFO]: [InteractionVisualizer] InteractionVisualizer has been disabled!
[12:42:26] [Server thread/INFO]: [AuthMe] Disabling AuthMe v5.6.0-bCUSTOM
[12:42:26] [Server thread/INFO]: [AuthMe] Waiting for 0 tasks to finish
[12:42:26] [Server thread/INFO]: [AuthMe] AuthMe 5.6.0-bCUSTOM disabled!
[12:42:26] [Server thread/INFO]: [DropHeads] Disabling DropHeads v3.9.11
[12:42:26] [Server thread/INFO]: [GrimAC] Disabling GrimAC v2.3.69
[12:42:26] [Server thread/INFO]: [GrimAC] Terminating PacketEvents...
[12:42:26] [Server thread/INFO]: [TimeManager] Disabling TimeManager v1.10.1-b
[12:42:26] [Server thread/INFO]: [TimeManager] The plugin is now disabled.
[12:42:26] [Server thread/INFO]: [PlasmoVoice] Disabling PlasmoVoice v2.1.2
[12:42:26] [Server thread/INFO]: [PlasmoVoice] UDP server is stopped
[12:42:26] [Server thread/INFO]: [ViaBackwards] Disabling ViaBackwards v5.2.1
[12:42:26] [Server thread/INFO]: [ProtocolLib] Disabling ProtocolLib v5.3.0
[12:42:26] [Server thread/INFO]: [ViaVersion] Disabling ViaVersion v5.2.1
[12:42:26] [Server thread/INFO]: [ViaVersion] ViaVersion has been disabled; uninjected the platform and shut down the scheduler.
[12:42:26] [Server thread/INFO]: Saving players
[12:42:26] [Server thread/INFO]: Saving worlds
[12:42:26] [Server thread/INFO]: Saving chunks for level 'ServerLevel[world]'/minecraft:overworld
[12:42:26] [Server thread/INFO]: [ChunkHolderManager] Waiting 60s for chunk system to halt for world 'world'
[12:42:26] [Server thread/INFO]: [ChunkHolderManager] Halted chunk system for world 'world'
[12:42:26] [Server thread/INFO]: [ChunkHolderManager] Saving all chunkholders for world 'world'
[12:42:26] [Server thread/INFO]: [ChunkHolderManager] Saved 0 block chunks, 202 entity chunks, 0 poi chunks in world 'world' in 0.05s
[12:42:26] [Server thread/INFO]: Saving chunks for level 'ServerLevel[world_nether]'/minecraft:the_nether
[12:42:26] [Server thread/INFO]: [ChunkHolderManager] Waiting 60s for chunk system to halt for world 'world_nether'
[12:42:26] [Server thread/INFO]: [ChunkHolderManager] Halted chunk system for world 'world_nether'
[12:42:26] [Server thread/INFO]: [ChunkHolderManager] Saving all chunkholders for world 'world_nether'
[12:42:26] [Server thread/INFO]: [ChunkHolderManager] Saved 11 block chunks, 39 entity chunks, 0 poi chunks in world 'world_nether' in 0.02s
[12:42:26] [Server thread/INFO]: Saving chunks for level 'ServerLevel[world_the_end]'/minecraft:the_end
[12:42:26] [Server thread/INFO]: [ChunkHolderManager] Waiting 60s for chunk system to halt for world 'world_the_end'
[12:42:26] [Server thread/INFO]: [ChunkHolderManager] Halted chunk system for world 'world_the_end'
[12:42:26] [Server thread/INFO]: [ChunkHolderManager] Saving all chunkholders for world 'world_the_end'
[12:42:26] [Server thread/INFO]: [ChunkHolderManager] Saved 0 block chunks, 0 entity chunks, 0 poi chunks in world 'world_the_end' in 0.00s
[12:42:26] [Server thread/INFO]: ThreadedAnvilChunkStorage (world): All chunks are saved
[12:42:26] [Server thread/INFO]: ThreadedAnvilChunkStorage (DIM-1): All chunks are saved
[12:42:26] [Server thread/INFO]: ThreadedAnvilChunkStorage (DIM1): All chunks are saved
[12:42:26] [Server thread/INFO]: ThreadedAnvilChunkStorage: All dimensions are saved
